<?xml version="1.0" encoding="UTF-8"?>
<Site BuildName="(empty)"
	BuildStamp="20221229-1641-Experimental"
	Name="zain-ZenBook-Pro-Duo-UX581LV-UX581LV"
	Generator="ctest-3.16.3"
	CompilerName="/usr/bin/c++"
	CompilerVersion="9.4.0"
	OSName="Linux"
	Hostname="zain-ZenBook-Pro-Duo-UX581LV-UX581LV"
	OSRelease="5.15.0-53-generic"
	OSVersion="#59~20.04.1-Ubuntu SMP Thu Oct 20 15:10:22 UTC 2022"
	OSPlatform="x86_64"
	Is64Bits="1"
	VendorString="GenuineIntel"
	VendorID="Intel Corporation"
	FamilyID="6"
	ModelID="165"
	ProcessorCacheSize="16384"
	NumberOfLogicalCPU="16"
	NumberOfPhysicalCPU="8"
	TotalVirtualMemory="34123"
	TotalPhysicalMemory="31896"
	LogicalProcessorsPerPhysical="2"
	ProcessorClockFrequency="4409.32"
	>
	<Testing>
		<StartDateTime>Dec 29 17:41 CET</StartDateTime>
		<StartTestTime>1672332087</StartTestTime>
		<TestList>
			<Test>./copyright</Test>
			<Test>./cppcheck</Test>
			<Test>./cpplint</Test>
			<Test>./lint_cmake</Test>
			<Test>./uncrustify</Test>
			<Test>./xmllint</Test>
		</TestList>
		<Test Status="failed">
			<Name>copyright</Name>
			<Path>.</Path>
			<FullName>./copyright</FullName>
			<FullCommandLine>/opt/anaconda3/bin/python3 "-u" "/opt/ros/foxy/share/ament_cmake_test/cmake/run_test.py" "/home/zain/Documents/1st_semester/Embedded_Systems/Assignments/MiniProject/EmbeddedSystem-miniProject/Task3_ROSToMotors/build/ros2_usb_camera/test_results/ros2_usb_camera/copyright.xunit.xml" "--package-name" "ros2_usb_camera" "--output-file" "/home/zain/Documents/1st_semester/Embedded_Systems/Assignments/MiniProject/EmbeddedSystem-miniProject/Task3_ROSToMotors/build/ros2_usb_camera/ament_copyright/copyright.txt" "--command" "/opt/ros/foxy/bin/ament_copyright" "--xunit-file" "/home/zain/Documents/1st_semester/Embedded_Systems/Assignments/MiniProject/EmbeddedSystem-miniProject/Task3_ROSToMotors/build/ros2_usb_camera/test_results/ros2_usb_camera/copyright.xunit.xml"</FullCommandLine>
			<Results>
				<NamedMeasurement type="text/string" name="Exit Code">
					<Value>Failed</Value>
				</NamedMeasurement>
				<NamedMeasurement type="text/string" name="Exit Value">
					<Value>1</Value>
				</NamedMeasurement>
				<NamedMeasurement type="numeric/double" name="Execution Time">
					<Value>0.0294528</Value>
				</NamedMeasurement>
				<NamedMeasurement type="numeric/double" name="Processors">
					<Value>1</Value>
				</NamedMeasurement>
				<NamedMeasurement type="text/string" name="Completion Status">
					<Value>Completed</Value>
				</NamedMeasurement>
				<NamedMeasurement type="text/string" name="Command Line">
					<Value>/opt/anaconda3/bin/python3 "-u" "/opt/ros/foxy/share/ament_cmake_test/cmake/run_test.py" "/home/zain/Documents/1st_semester/Embedded_Systems/Assignments/MiniProject/EmbeddedSystem-miniProject/Task3_ROSToMotors/build/ros2_usb_camera/test_results/ros2_usb_camera/copyright.xunit.xml" "--package-name" "ros2_usb_camera" "--output-file" "/home/zain/Documents/1st_semester/Embedded_Systems/Assignments/MiniProject/EmbeddedSystem-miniProject/Task3_ROSToMotors/build/ros2_usb_camera/ament_copyright/copyright.txt" "--command" "/opt/ros/foxy/bin/ament_copyright" "--xunit-file" "/home/zain/Documents/1st_semester/Embedded_Systems/Assignments/MiniProject/EmbeddedSystem-miniProject/Task3_ROSToMotors/build/ros2_usb_camera/test_results/ros2_usb_camera/copyright.xunit.xml"</Value>
				</NamedMeasurement>
				<Measurement>
					<Value>Traceback (most recent call last):
  File "/opt/ros/foxy/share/ament_cmake_test/cmake/run_test.py", line 19, in &lt;module&gt;
    import ament_cmake_test
ModuleNotFoundError: No module named 'ament_cmake_test'
</Value>
				</Measurement>
			</Results>
			<Labels>
				<Label>copyright</Label>
				<Label>linter</Label>
			</Labels>
		</Test>
		<Test Status="failed">
			<Name>cppcheck</Name>
			<Path>.</Path>
			<FullName>./cppcheck</FullName>
			<FullCommandLine>/opt/anaconda3/bin/python3 "-u" "/opt/ros/foxy/share/ament_cmake_test/cmake/run_test.py" "/home/zain/Documents/1st_semester/Embedded_Systems/Assignments/MiniProject/EmbeddedSystem-miniProject/Task3_ROSToMotors/build/ros2_usb_camera/test_results/ros2_usb_camera/cppcheck.xunit.xml" "--package-name" "ros2_usb_camera" "--output-file" "/home/zain/Documents/1st_semester/Embedded_Systems/Assignments/MiniProject/EmbeddedSystem-miniProject/Task3_ROSToMotors/build/ros2_usb_camera/ament_cppcheck/cppcheck.txt" "--command" "/opt/ros/foxy/bin/ament_cppcheck" "--xunit-file" "/home/zain/Documents/1st_semester/Embedded_Systems/Assignments/MiniProject/EmbeddedSystem-miniProject/Task3_ROSToMotors/build/ros2_usb_camera/test_results/ros2_usb_camera/cppcheck.xunit.xml"</FullCommandLine>
			<Results>
				<NamedMeasurement type="text/string" name="Exit Code">
					<Value>Failed</Value>
				</NamedMeasurement>
				<NamedMeasurement type="text/string" name="Exit Value">
					<Value>1</Value>
				</NamedMeasurement>
				<NamedMeasurement type="numeric/double" name="Execution Time">
					<Value>0.0241253</Value>
				</NamedMeasurement>
				<NamedMeasurement type="numeric/double" name="Processors">
					<Value>1</Value>
				</NamedMeasurement>
				<NamedMeasurement type="text/string" name="Completion Status">
					<Value>Completed</Value>
				</NamedMeasurement>
				<NamedMeasurement type="text/string" name="Command Line">
					<Value>/opt/anaconda3/bin/python3 "-u" "/opt/ros/foxy/share/ament_cmake_test/cmake/run_test.py" "/home/zain/Documents/1st_semester/Embedded_Systems/Assignments/MiniProject/EmbeddedSystem-miniProject/Task3_ROSToMotors/build/ros2_usb_camera/test_results/ros2_usb_camera/cppcheck.xunit.xml" "--package-name" "ros2_usb_camera" "--output-file" "/home/zain/Documents/1st_semester/Embedded_Systems/Assignments/MiniProject/EmbeddedSystem-miniProject/Task3_ROSToMotors/build/ros2_usb_camera/ament_cppcheck/cppcheck.txt" "--command" "/opt/ros/foxy/bin/ament_cppcheck" "--xunit-file" "/home/zain/Documents/1st_semester/Embedded_Systems/Assignments/MiniProject/EmbeddedSystem-miniProject/Task3_ROSToMotors/build/ros2_usb_camera/test_results/ros2_usb_camera/cppcheck.xunit.xml"</Value>
				</NamedMeasurement>
				<Measurement>
					<Value>Traceback (most recent call last):
  File "/opt/ros/foxy/share/ament_cmake_test/cmake/run_test.py", line 19, in &lt;module&gt;
    import ament_cmake_test
ModuleNotFoundError: No module named 'ament_cmake_test'
</Value>
				</Measurement>
			</Results>
			<Labels>
				<Label>cppcheck</Label>
				<Label>linter</Label>
			</Labels>
		</Test>
		<Test Status="failed">
			<Name>cpplint</Name>
			<Path>.</Path>
			<FullName>./cpplint</FullName>
			<FullCommandLine>/opt/anaconda3/bin/python3 "-u" "/opt/ros/foxy/share/ament_cmake_test/cmake/run_test.py" "/home/zain/Documents/1st_semester/Embedded_Systems/Assignments/MiniProject/EmbeddedSystem-miniProject/Task3_ROSToMotors/build/ros2_usb_camera/test_results/ros2_usb_camera/cpplint.xunit.xml" "--package-name" "ros2_usb_camera" "--output-file" "/home/zain/Documents/1st_semester/Embedded_Systems/Assignments/MiniProject/EmbeddedSystem-miniProject/Task3_ROSToMotors/build/ros2_usb_camera/ament_cpplint/cpplint.txt" "--command" "/opt/ros/foxy/bin/ament_cpplint" "--xunit-file" "/home/zain/Documents/1st_semester/Embedded_Systems/Assignments/MiniProject/EmbeddedSystem-miniProject/Task3_ROSToMotors/build/ros2_usb_camera/test_results/ros2_usb_camera/cpplint.xunit.xml"</FullCommandLine>
			<Results>
				<NamedMeasurement type="text/string" name="Exit Code">
					<Value>Failed</Value>
				</NamedMeasurement>
				<NamedMeasurement type="text/string" name="Exit Value">
					<Value>1</Value>
				</NamedMeasurement>
				<NamedMeasurement type="numeric/double" name="Execution Time">
					<Value>0.0256063</Value>
				</NamedMeasurement>
				<NamedMeasurement type="numeric/double" name="Processors">
					<Value>1</Value>
				</NamedMeasurement>
				<NamedMeasurement type="text/string" name="Completion Status">
					<Value>Completed</Value>
				</NamedMeasurement>
				<NamedMeasurement type="text/string" name="Command Line">
					<Value>/opt/anaconda3/bin/python3 "-u" "/opt/ros/foxy/share/ament_cmake_test/cmake/run_test.py" "/home/zain/Documents/1st_semester/Embedded_Systems/Assignments/MiniProject/EmbeddedSystem-miniProject/Task3_ROSToMotors/build/ros2_usb_camera/test_results/ros2_usb_camera/cpplint.xunit.xml" "--package-name" "ros2_usb_camera" "--output-file" "/home/zain/Documents/1st_semester/Embedded_Systems/Assignments/MiniProject/EmbeddedSystem-miniProject/Task3_ROSToMotors/build/ros2_usb_camera/ament_cpplint/cpplint.txt" "--command" "/opt/ros/foxy/bin/ament_cpplint" "--xunit-file" "/home/zain/Documents/1st_semester/Embedded_Systems/Assignments/MiniProject/EmbeddedSystem-miniProject/Task3_ROSToMotors/build/ros2_usb_camera/test_results/ros2_usb_camera/cpplint.xunit.xml"</Value>
				</NamedMeasurement>
				<Measurement>
					<Value>Traceback (most recent call last):
  File "/opt/ros/foxy/share/ament_cmake_test/cmake/run_test.py", line 19, in &lt;module&gt;
    import ament_cmake_test
ModuleNotFoundError: No module named 'ament_cmake_test'
</Value>
				</Measurement>
			</Results>
			<Labels>
				<Label>cpplint</Label>
				<Label>linter</Label>
			</Labels>
		</Test>
		<Test Status="failed">
			<Name>lint_cmake</Name>
			<Path>.</Path>
			<FullName>./lint_cmake</FullName>
			<FullCommandLine>/opt/anaconda3/bin/python3 "-u" "/opt/ros/foxy/share/ament_cmake_test/cmake/run_test.py" "/home/zain/Documents/1st_semester/Embedded_Systems/Assignments/MiniProject/EmbeddedSystem-miniProject/Task3_ROSToMotors/build/ros2_usb_camera/test_results/ros2_usb_camera/lint_cmake.xunit.xml" "--package-name" "ros2_usb_camera" "--output-file" "/home/zain/Documents/1st_semester/Embedded_Systems/Assignments/MiniProject/EmbeddedSystem-miniProject/Task3_ROSToMotors/build/ros2_usb_camera/ament_lint_cmake/lint_cmake.txt" "--command" "/opt/ros/foxy/bin/ament_lint_cmake" "--xunit-file" "/home/zain/Documents/1st_semester/Embedded_Systems/Assignments/MiniProject/EmbeddedSystem-miniProject/Task3_ROSToMotors/build/ros2_usb_camera/test_results/ros2_usb_camera/lint_cmake.xunit.xml"</FullCommandLine>
			<Results>
				<NamedMeasurement type="text/string" name="Exit Code">
					<Value>Failed</Value>
				</NamedMeasurement>
				<NamedMeasurement type="text/string" name="Exit Value">
					<Value>1</Value>
				</NamedMeasurement>
				<NamedMeasurement type="numeric/double" name="Execution Time">
					<Value>0.0225689</Value>
				</NamedMeasurement>
				<NamedMeasurement type="numeric/double" name="Processors">
					<Value>1</Value>
				</NamedMeasurement>
				<NamedMeasurement type="text/string" name="Completion Status">
					<Value>Completed</Value>
				</NamedMeasurement>
				<NamedMeasurement type="text/string" name="Command Line">
					<Value>/opt/anaconda3/bin/python3 "-u" "/opt/ros/foxy/share/ament_cmake_test/cmake/run_test.py" "/home/zain/Documents/1st_semester/Embedded_Systems/Assignments/MiniProject/EmbeddedSystem-miniProject/Task3_ROSToMotors/build/ros2_usb_camera/test_results/ros2_usb_camera/lint_cmake.xunit.xml" "--package-name" "ros2_usb_camera" "--output-file" "/home/zain/Documents/1st_semester/Embedded_Systems/Assignments/MiniProject/EmbeddedSystem-miniProject/Task3_ROSToMotors/build/ros2_usb_camera/ament_lint_cmake/lint_cmake.txt" "--command" "/opt/ros/foxy/bin/ament_lint_cmake" "--xunit-file" "/home/zain/Documents/1st_semester/Embedded_Systems/Assignments/MiniProject/EmbeddedSystem-miniProject/Task3_ROSToMotors/build/ros2_usb_camera/test_results/ros2_usb_camera/lint_cmake.xunit.xml"</Value>
				</NamedMeasurement>
				<Measurement>
					<Value>Traceback (most recent call last):
  File "/opt/ros/foxy/share/ament_cmake_test/cmake/run_test.py", line 19, in &lt;module&gt;
    import ament_cmake_test
ModuleNotFoundError: No module named 'ament_cmake_test'
</Value>
				</Measurement>
			</Results>
			<Labels>
				<Label>lint_cmake</Label>
				<Label>linter</Label>
			</Labels>
		</Test>
		<Test Status="failed">
			<Name>uncrustify</Name>
			<Path>.</Path>
			<FullName>./uncrustify</FullName>
			<FullCommandLine>/opt/anaconda3/bin/python3 "-u" "/opt/ros/foxy/share/ament_cmake_test/cmake/run_test.py" "/home/zain/Documents/1st_semester/Embedded_Systems/Assignments/MiniProject/EmbeddedSystem-miniProject/Task3_ROSToMotors/build/ros2_usb_camera/test_results/ros2_usb_camera/uncrustify.xunit.xml" "--package-name" "ros2_usb_camera" "--output-file" "/home/zain/Documents/1st_semester/Embedded_Systems/Assignments/MiniProject/EmbeddedSystem-miniProject/Task3_ROSToMotors/build/ros2_usb_camera/ament_uncrustify/uncrustify.txt" "--command" "/opt/ros/foxy/bin/ament_uncrustify" "--xunit-file" "/home/zain/Documents/1st_semester/Embedded_Systems/Assignments/MiniProject/EmbeddedSystem-miniProject/Task3_ROSToMotors/build/ros2_usb_camera/test_results/ros2_usb_camera/uncrustify.xunit.xml"</FullCommandLine>
			<Results>
				<NamedMeasurement type="text/string" name="Exit Code">
					<Value>Failed</Value>
				</NamedMeasurement>
				<NamedMeasurement type="text/string" name="Exit Value">
					<Value>1</Value>
				</NamedMeasurement>
				<NamedMeasurement type="numeric/double" name="Execution Time">
					<Value>0.0186238</Value>
				</NamedMeasurement>
				<NamedMeasurement type="numeric/double" name="Processors">
					<Value>1</Value>
				</NamedMeasurement>
				<NamedMeasurement type="text/string" name="Completion Status">
					<Value>Completed</Value>
				</NamedMeasurement>
				<NamedMeasurement type="text/string" name="Command Line">
					<Value>/opt/anaconda3/bin/python3 "-u" "/opt/ros/foxy/share/ament_cmake_test/cmake/run_test.py" "/home/zain/Documents/1st_semester/Embedded_Systems/Assignments/MiniProject/EmbeddedSystem-miniProject/Task3_ROSToMotors/build/ros2_usb_camera/test_results/ros2_usb_camera/uncrustify.xunit.xml" "--package-name" "ros2_usb_camera" "--output-file" "/home/zain/Documents/1st_semester/Embedded_Systems/Assignments/MiniProject/EmbeddedSystem-miniProject/Task3_ROSToMotors/build/ros2_usb_camera/ament_uncrustify/uncrustify.txt" "--command" "/opt/ros/foxy/bin/ament_uncrustify" "--xunit-file" "/home/zain/Documents/1st_semester/Embedded_Systems/Assignments/MiniProject/EmbeddedSystem-miniProject/Task3_ROSToMotors/build/ros2_usb_camera/test_results/ros2_usb_camera/uncrustify.xunit.xml"</Value>
				</NamedMeasurement>
				<Measurement>
					<Value>Traceback (most recent call last):
  File "/opt/ros/foxy/share/ament_cmake_test/cmake/run_test.py", line 19, in &lt;module&gt;
    import ament_cmake_test
ModuleNotFoundError: No module named 'ament_cmake_test'
</Value>
				</Measurement>
			</Results>
			<Labels>
				<Label>linter</Label>
				<Label>uncrustify</Label>
			</Labels>
		</Test>
		<Test Status="failed">
			<Name>xmllint</Name>
			<Path>.</Path>
			<FullName>./xmllint</FullName>
			<FullCommandLine>/opt/anaconda3/bin/python3 "-u" "/opt/ros/foxy/share/ament_cmake_test/cmake/run_test.py" "/home/zain/Documents/1st_semester/Embedded_Systems/Assignments/MiniProject/EmbeddedSystem-miniProject/Task3_ROSToMotors/build/ros2_usb_camera/test_results/ros2_usb_camera/xmllint.xunit.xml" "--package-name" "ros2_usb_camera" "--output-file" "/home/zain/Documents/1st_semester/Embedded_Systems/Assignments/MiniProject/EmbeddedSystem-miniProject/Task3_ROSToMotors/build/ros2_usb_camera/ament_xmllint/xmllint.txt" "--command" "/opt/ros/foxy/bin/ament_xmllint" "--xunit-file" "/home/zain/Documents/1st_semester/Embedded_Systems/Assignments/MiniProject/EmbeddedSystem-miniProject/Task3_ROSToMotors/build/ros2_usb_camera/test_results/ros2_usb_camera/xmllint.xunit.xml"</FullCommandLine>
			<Results>
				<NamedMeasurement type="text/string" name="Exit Code">
					<Value>Failed</Value>
				</NamedMeasurement>
				<NamedMeasurement type="text/string" name="Exit Value">
					<Value>1</Value>
				</NamedMeasurement>
				<NamedMeasurement type="numeric/double" name="Execution Time">
					<Value>0.0192293</Value>
				</NamedMeasurement>
				<NamedMeasurement type="numeric/double" name="Processors">
					<Value>1</Value>
				</NamedMeasurement>
				<NamedMeasurement type="text/string" name="Completion Status">
					<Value>Completed</Value>
				</NamedMeasurement>
				<NamedMeasurement type="text/string" name="Command Line">
					<Value>/opt/anaconda3/bin/python3 "-u" "/opt/ros/foxy/share/ament_cmake_test/cmake/run_test.py" "/home/zain/Documents/1st_semester/Embedded_Systems/Assignments/MiniProject/EmbeddedSystem-miniProject/Task3_ROSToMotors/build/ros2_usb_camera/test_results/ros2_usb_camera/xmllint.xunit.xml" "--package-name" "ros2_usb_camera" "--output-file" "/home/zain/Documents/1st_semester/Embedded_Systems/Assignments/MiniProject/EmbeddedSystem-miniProject/Task3_ROSToMotors/build/ros2_usb_camera/ament_xmllint/xmllint.txt" "--command" "/opt/ros/foxy/bin/ament_xmllint" "--xunit-file" "/home/zain/Documents/1st_semester/Embedded_Systems/Assignments/MiniProject/EmbeddedSystem-miniProject/Task3_ROSToMotors/build/ros2_usb_camera/test_results/ros2_usb_camera/xmllint.xunit.xml"</Value>
				</NamedMeasurement>
				<Measurement>
					<Value>Traceback (most recent call last):
  File "/opt/ros/foxy/share/ament_cmake_test/cmake/run_test.py", line 19, in &lt;module&gt;
    import ament_cmake_test
ModuleNotFoundError: No module named 'ament_cmake_test'
</Value>
				</Measurement>
			</Results>
			<Labels>
				<Label>linter</Label>
				<Label>xmllint</Label>
			</Labels>
		</Test>
		<EndDateTime>Dec 29 17:41 CET</EndDateTime>
		<EndTestTime>1672332087</EndTestTime>
		<ElapsedMinutes>0</ElapsedMinutes>
	</Testing>
</Site>
